<?xml version="1.0" encoding="UTF-8"?>
<!-- Generated by org.testng.reporters.JUnitReportReporter -->
<testsuite skipped="0" hostname="DESKTOP-SN4CQBL" name="qaclickacademy.APPiumTest" tests="2" failures="0" timestamp="02 May 2019 21:19:57 GMT" time="0.007" errors="0">
  <testcase name="IOSAPPS" time="0.007" classname="qaclickacademy.APPiumTest"/>
  <testcase name="NativeAPPAndriod" time="0.000" classname="qaclickacademy.APPiumTest"/>
</testsuite> <!-- qaclickacademy.APPiumTest -->
