<?xml version="1.0" encoding="UTF-8"?>
<!-- Generated by org.testng.reporters.JUnitReportReporter -->
<testsuite skipped="0" hostname="DESKTOP-SN4CQBL" name="qaclickacademy.RESTAPITest" tests="2" failures="0" timestamp="02 May 2019 21:19:57 GMT" time="0.001" errors="0">
  <testcase name="postjira" time="0.001" classname="qaclickacademy.RESTAPITest"/>
  <testcase name="deltetwitter" time="0.000" classname="qaclickacademy.RESTAPITest"/>
</testsuite> <!-- qaclickacademy.RESTAPITest -->
